<?xml version="1.0" encoding="UTF-8"?>
<robot generator="Robot 6.1.1 (Python 3.12.0 on linux)" generated="20231112 15:07:30.646" rpa="false" schemaversion="4">
<suite id="s1" name="First Test Case" source="/app/tests/test_suites/first_test_case.robot">
<test id="s1-t1" name="Get Device Name Test" line="6">
<kw name="Check for Connected ADB Device" library="adb_keywords">
<kw name="Run Process" library="Process">
<var>${output}</var>
<arg>adb devices</arg>
<arg>shell=True</arg>
<doc>Runs a process and waits for it to complete.</doc>
<msg timestamp="20231112 15:07:30.771" level="INFO">Starting process:
adb devices</msg>
<msg timestamp="20231112 15:07:30.773" level="INFO">Waiting for process to complete.</msg>
<msg timestamp="20231112 15:07:30.774" level="INFO">Process completed.</msg>
<msg timestamp="20231112 15:07:30.774" level="INFO">${output} = &lt;result object with rc 127&gt;</msg>
<status status="PASS" starttime="20231112 15:07:30.771" endtime="20231112 15:07:30.774"/>
</kw>
<kw name="Log" library="BuiltIn">
<arg>ADB Devices Output: ${output.stdout}</arg>
<doc>Logs the given message with the given level.</doc>
<msg timestamp="20231112 15:07:30.775" level="INFO">ADB Devices Output: </msg>
<status status="PASS" starttime="20231112 15:07:30.774" endtime="20231112 15:07:30.775"/>
</kw>
<kw name="Evaluate" library="BuiltIn">
<var>${is_device_connected}</var>
<arg>"device" in $output.stdout</arg>
<doc>Evaluates the given expression in Python and returns the result.</doc>
<msg timestamp="20231112 15:07:30.775" level="INFO">${is_device_connected} = False</msg>
<status status="PASS" starttime="20231112 15:07:30.775" endtime="20231112 15:07:30.775"/>
</kw>
<kw name="Run Keyword If" library="BuiltIn">
<arg>${is_device_connected}</arg>
<arg>Log</arg>
<arg>ADB Device is Connected</arg>
<arg>ELSE</arg>
<arg>Fail</arg>
<arg>No ADB Device Connectedvice Connected</arg>
<arg>adb device</arg>
<arg>shell=True</arg>
<doc>Runs the given keyword with the given arguments, if ``condition`` is true.</doc>
<kw name="Fail" library="BuiltIn">
<arg>No ADB Device Connectedvice Connected</arg>
<arg>adb device</arg>
<arg>shell=True</arg>
<doc>Fails the test with the given message and optionally alters its tags.</doc>
<msg timestamp="20231112 15:07:30.776" level="INFO">Set tags 'adb device' and 'shell=True'.</msg>
<msg timestamp="20231112 15:07:30.776" level="FAIL">No ADB Device Connectedvice Connected</msg>
<status status="FAIL" starttime="20231112 15:07:30.775" endtime="20231112 15:07:30.776"/>
</kw>
<status status="FAIL" starttime="20231112 15:07:30.775" endtime="20231112 15:07:30.776"/>
</kw>
<status status="FAIL" starttime="20231112 15:07:30.771" endtime="20231112 15:07:30.776"/>
</kw>
<kw name="Get Android Device Name" library="adb_keywords">
<var>${device_name}</var>
<status status="NOT RUN" starttime="20231112 15:07:30.776" endtime="20231112 15:07:30.776"/>
</kw>
<kw name="Drop Down the Notification Bar" library="adb_keywords">
<arg>${device_name}</arg>
<status status="NOT RUN" starttime="20231112 15:07:30.776" endtime="20231112 15:07:30.776"/>
</kw>
<kw name="Raise up the Notification Bar" library="adb_keywords">
<arg>${device_name}</arg>
<status status="NOT RUN" starttime="20231112 15:07:30.776" endtime="20231112 15:07:30.776"/>
</kw>
<kw name="Get Current User Profile name" library="adb_keywords">
<arg>${device_name}</arg>
<status status="NOT RUN" starttime="20231112 15:07:30.777" endtime="20231112 15:07:30.777"/>
</kw>
<kw name="Get Current User Profile ID" library="adb_keywords">
<arg>${device_name}</arg>
<status status="NOT RUN" starttime="20231112 15:07:30.777" endtime="20231112 15:07:30.777"/>
</kw>
<tag>adb device</tag>
<tag>shell=True</tag>
<status status="FAIL" starttime="20231112 15:07:30.770" endtime="20231112 15:07:30.777">No ADB Device Connectedvice Connected</status>
</test>
<status status="FAIL" starttime="20231112 15:07:30.647" endtime="20231112 15:07:30.777"/>
</suite>
<statistics>
<total>
<stat pass="0" fail="1" skip="0">All Tests</stat>
</total>
<tag>
<stat pass="0" fail="1" skip="0">adb device</stat>
<stat pass="0" fail="1" skip="0">shell=True</stat>
</tag>
<suite>
<stat pass="0" fail="1" skip="0" id="s1" name="First Test Case">First Test Case</stat>
</suite>
</statistics>
<errors>
<msg timestamp="20231112 15:07:30.661" level="WARN">Imported resource file '/app/tests/resources/config/android_config.robot' is empty.</msg>
</errors>
</robot>
